<?xml version="1.0" encoding="UTF-8"?>
<!-- Generated by org.testng.reporters.JUnitXMLReporter -->
<testsuite ignored="1" hostname="DESKTOP-EOH2ECO" failures="0" tests="1" name="Regression Test Suit" time="8.863" errors="0" timestamp="2022-05-03T19:53:49 CDT">
  <testcase classname="com.Test.HomePageTest" name="pageTitleTest" time="0.121"/>
  <testcase classname="com.Test.HomePageTest" name="clickContactUsTest" time="0.0">
    <ignored/>
  </testcase> <!-- clickContactUsTest -->
</testsuite> <!-- Regression Test Suit -->
